SF:lib/controller/controller.dart
DA:2,2
LF:1
LH:1
end_of_record
SF:lib/login/login_controller.dart
DA:7,1
DA:11,2
DA:12,0
DA:14,1
DA:15,1
DA:16,1
DA:19,1
DA:21,5
LF:8
LH:7
end_of_record
SF:lib/login/login_repository.dart
DA:8,0
DA:10,0
DA:11,0
DA:13,0
LF:4
LH:0
end_of_record
SF:lib/main.dart
DA:3,0
DA:4,0
DA:8,2
DA:11,1
DA:13,1
DA:15,1
DA:33,1
DA:46,1
DA:47,1
DA:53,1
DA:54,2
DA:60,2
DA:64,1
DA:72,1
DA:73,1
DA:76,3
DA:78,1
DA:81,1
DA:97,1
DA:101,1
DA:102,2
DA:103,3
DA:108,1
DA:109,1
LF:24
LH:22
end_of_record
